<?xml version="1.0" encoding="UTF-8"?>
<!-- Generated by org.testng.reporters.JUnitXMLReporter -->
<testsuite ignored="3" hostname="Radhil_M_R" failures="0" tests="1" name="Test" time="3.69" errors="0" timestamp="2025-02-05T08:07:54 IST">
  <testcase classname="testscript.LoginTest" name="verifyWhetherUserIsAbleLoginSuccessfullywithValidUsernameandValidPassword" time="1.191"/>
  <testcase classname="testscript.LoginTest" name="verifyWhetherUserisNotAbleToLoginSuccessfullywithInvalidUsernameAndInvalidPassword" time="0.0">
    <ignored/>
  </testcase> <!-- verifyWhetherUserisNotAbleToLoginSuccessfullywithInvalidUsernameAndInvalidPassword -->
  <testcase classname="testscript.LoginTest" name="verifyWhetherUserisNotAbleToLoginSuccessfullywithInvalidUsernameAndValidPassword" time="0.0">
    <ignored/>
  </testcase> <!-- verifyWhetherUserisNotAbleToLoginSuccessfullywithInvalidUsernameAndValidPassword -->
  <testcase classname="testscript.LoginTest" name="verifyWhetherUserisNotAbleToLoginSuccessfullywithValidUsernameAndInvalidPassword" time="0.0">
    <ignored/>
  </testcase> <!-- verifyWhetherUserisNotAbleToLoginSuccessfullywithValidUsernameAndInvalidPassword -->
</testsuite> <!-- Test -->
