<?xml version="1.0" encoding="UTF-8"?>
<!-- Generated by org.testng.reporters.JUnitXMLReporter -->
<testsuite ignored="2" hostname="Radhil_M_R" failures="0" tests="2" name="Test" time="7.619" errors="0" timestamp="2025-02-05T07:40:06 IST">
  <testcase classname="testscript.LoginTest" name="verifyWhetherUserIsAbleLoginSuccessfullywithValidUsernameandValidPassword" time="2.209"/>
  <testcase classname="testscript.LoginTest" name="verifyWhetherUserisNotAbleToLoginSuccessfullywithValidUsernameAndInvalidPassword" time="0.585"/>
  <testcase classname="testscript.LoginTest" name="verifyWhetherUserisNotAbleToLoginSuccessfullywithInvalidUsernameAndInvalidPassword" time="0.0">
    <ignored/>
  </testcase> <!-- verifyWhetherUserisNotAbleToLoginSuccessfullywithInvalidUsernameAndInvalidPassword -->
  <testcase classname="testscript.LoginTest" name="verifyWhetherUserisNotAbleToLoginSuccessfullywithInvalidUsernameAndValidPassword" time="0.0">
    <ignored/>
  </testcase> <!-- verifyWhetherUserisNotAbleToLoginSuccessfullywithInvalidUsernameAndValidPassword -->
</testsuite> <!-- Test -->
