<?xml version="1.0" encoding="UTF-8"?>
<!-- Generated by org.testng.reporters.JUnitXMLReporter -->
<testsuite ignored="0" hostname="Radhil_M_R" failures="0" tests="4" name="Default test" time="10.607" errors="0" timestamp="2025-02-03T23:50:42 IST">
  <testcase classname="testscript.LoginTest" name="verifyWhetherUserIsAbleLoginSuccessfullywithValidUsernameandValidPassword" time="0.646"/>
  <testcase classname="testscript.LoginTest" name="verifyWhetherUserisNotAbleToLoginSuccessfullywithInvalidUsernameAndInvalidPassword" time="0.447"/>
  <testcase classname="testscript.LoginTest" name="verifyWhetherUserisNotAbleToLoginSuccessfullywithInvalidUsernameAndValidPassword" time="0.448"/>
  <testcase classname="testscript.LoginTest" name="verifyWhetherUserisNotAbleToLoginSuccessfullywithValidUsernameAndInvalidPassword" time="1.047"/>
</testsuite> <!-- Default test -->
