<?xml version="1.0" encoding="UTF-8"?>
<testng-results ignored="0" total="4" passed="4" failed="0" skipped="0">
  <reporter-output>
  </reporter-output>
  <suite started-at="2025-02-03T23:50:31 IST" name="Default suite" finished-at="2025-02-03T23:50:42 IST" duration-ms="10607">
    <groups>
    </groups>
    <test started-at="2025-02-03T23:50:31 IST" name="Default test" finished-at="2025-02-03T23:50:42 IST" duration-ms="10607">
      <class name="testscript.LoginTest">
        <test-method is-config="true" signature="initialiseBrowser()[pri:0, instance:testscript.LoginTest@3427b02d]" started-at="2025-02-03T23:50:31 IST" name="initialiseBrowser" finished-at="2025-02-03T23:50:33 IST" duration-ms="2353" status="PASS">
          <reporter-output>
          </reporter-output>
        </test-method> <!-- initialiseBrowser -->
        <test-method signature="verifyWhetherUserIsAbleLoginSuccessfullywithValidUsernameandValidPassword()[pri:0, instance:testscript.LoginTest@3427b02d]" started-at="2025-02-03T23:50:33 IST" name="verifyWhetherUserIsAbleLoginSuccessfullywithValidUsernameandValidPassword" description="Verify Whether User is able to Login Successfully with Valid Username and Valid Password" finished-at="2025-02-03T23:50:34 IST" duration-ms="646" status="PASS">
          <reporter-output>
          </reporter-output>
        </test-method> <!-- verifyWhetherUserIsAbleLoginSuccessfullywithValidUsernameandValidPassword -->
        <test-method is-config="true" signature="browserQuit()[pri:0, instance:testscript.LoginTest@3427b02d]" started-at="2025-02-03T23:50:34 IST" name="browserQuit" finished-at="2025-02-03T23:50:34 IST" duration-ms="104" status="PASS">
          <reporter-output>
          </reporter-output>
        </test-method> <!-- browserQuit -->
        <test-method is-config="true" signature="initialiseBrowser()[pri:0, instance:testscript.LoginTest@3427b02d]" started-at="2025-02-03T23:50:34 IST" name="initialiseBrowser" finished-at="2025-02-03T23:50:36 IST" duration-ms="1662" status="PASS">
          <reporter-output>
          </reporter-output>
        </test-method> <!-- initialiseBrowser -->
        <test-method signature="verifyWhetherUserisNotAbleToLoginSuccessfullywithInvalidUsernameAndInvalidPassword()[pri:0, instance:testscript.LoginTest@3427b02d]" started-at="2025-02-03T23:50:36 IST" name="verifyWhetherUserisNotAbleToLoginSuccessfullywithInvalidUsernameAndInvalidPassword" description="Verify User not is able to Login successfully  with Invalid Username and Invalid Password" finished-at="2025-02-03T23:50:36 IST" duration-ms="447" status="PASS">
          <reporter-output>
          </reporter-output>
        </test-method> <!-- verifyWhetherUserisNotAbleToLoginSuccessfullywithInvalidUsernameAndInvalidPassword -->
        <test-method is-config="true" signature="browserQuit()[pri:0, instance:testscript.LoginTest@3427b02d]" started-at="2025-02-03T23:50:36 IST" name="browserQuit" finished-at="2025-02-03T23:50:36 IST" duration-ms="117" status="PASS">
          <reporter-output>
          </reporter-output>
        </test-method> <!-- browserQuit -->
        <test-method is-config="true" signature="initialiseBrowser()[pri:0, instance:testscript.LoginTest@3427b02d]" started-at="2025-02-03T23:50:36 IST" name="initialiseBrowser" finished-at="2025-02-03T23:50:38 IST" duration-ms="1755" status="PASS">
          <reporter-output>
          </reporter-output>
        </test-method> <!-- initialiseBrowser -->
        <test-method signature="verifyWhetherUserisNotAbleToLoginSuccessfullywithInvalidUsernameAndValidPassword()[pri:0, instance:testscript.LoginTest@3427b02d]" started-at="2025-02-03T23:50:38 IST" name="verifyWhetherUserisNotAbleToLoginSuccessfullywithInvalidUsernameAndValidPassword" description="Verify User not is able to Login successfully  with Invalid Username and Valid  Password" finished-at="2025-02-03T23:50:39 IST" duration-ms="448" status="PASS">
          <reporter-output>
          </reporter-output>
        </test-method> <!-- verifyWhetherUserisNotAbleToLoginSuccessfullywithInvalidUsernameAndValidPassword -->
        <test-method is-config="true" signature="browserQuit()[pri:0, instance:testscript.LoginTest@3427b02d]" started-at="2025-02-03T23:50:39 IST" name="browserQuit" finished-at="2025-02-03T23:50:39 IST" duration-ms="61" status="PASS">
          <reporter-output>
          </reporter-output>
        </test-method> <!-- browserQuit -->
        <test-method is-config="true" signature="initialiseBrowser()[pri:0, instance:testscript.LoginTest@3427b02d]" started-at="2025-02-03T23:50:39 IST" name="initialiseBrowser" finished-at="2025-02-03T23:50:40 IST" duration-ms="1853" status="PASS">
          <reporter-output>
          </reporter-output>
        </test-method> <!-- initialiseBrowser -->
        <test-method signature="verifyWhetherUserisNotAbleToLoginSuccessfullywithValidUsernameAndInvalidPassword()[pri:0, instance:testscript.LoginTest@3427b02d]" started-at="2025-02-03T23:50:40 IST" name="verifyWhetherUserisNotAbleToLoginSuccessfullywithValidUsernameAndInvalidPassword" description=" Verify User not is able to Login successfully  with Valid Username and Invalid  Password" finished-at="2025-02-03T23:50:42 IST" duration-ms="1047" status="PASS">
          <reporter-output>
          </reporter-output>
        </test-method> <!-- verifyWhetherUserisNotAbleToLoginSuccessfullywithValidUsernameAndInvalidPassword -->
        <test-method is-config="true" signature="browserQuit()[pri:0, instance:testscript.LoginTest@3427b02d]" started-at="2025-02-03T23:50:42 IST" name="browserQuit" finished-at="2025-02-03T23:50:42 IST" duration-ms="68" status="PASS">
          <reporter-output>
          </reporter-output>
        </test-method> <!-- browserQuit -->
      </class> <!-- testscript.LoginTest -->
    </test> <!-- Default test -->
  </suite> <!-- Default suite -->
</testng-results>
