<?xml version="1.0" encoding="UTF-8"?>
<testng-results ignored="2" total="4" passed="2" failed="0" skipped="0">
  <reporter-output>
  </reporter-output>
  <suite started-at="2025-02-05T07:39:58 IST" name="Suite" finished-at="2025-02-05T07:40:06 IST" duration-ms="7619">
    <groups>
    </groups>
    <test started-at="2025-02-05T07:39:58 IST" name="Test" finished-at="2025-02-05T07:40:06 IST" duration-ms="7619">
      <class name="testscript.LoginTest">
        <test-method is-config="true" signature="initialiseBrowser()[pri:0, instance:testscript.LoginTest@619713e5]" started-at="2025-02-05T07:39:58 IST" name="initialiseBrowser" finished-at="2025-02-05T07:40:01 IST" duration-ms="2668" status="PASS">
          <reporter-output>
          </reporter-output>
        </test-method> <!-- initialiseBrowser -->
        <test-method signature="verifyWhetherUserIsAbleLoginSuccessfullywithValidUsernameandValidPassword()[pri:0, instance:testscript.LoginTest@619713e5]" started-at="2025-02-05T07:40:01 IST" name="verifyWhetherUserIsAbleLoginSuccessfullywithValidUsernameandValidPassword" description="Verify Whether User is able to Login Successfully with Valid Username and Valid Password" finished-at="2025-02-05T07:40:03 IST" duration-ms="2209" status="PASS">
          <reporter-output>
          </reporter-output>
        </test-method> <!-- verifyWhetherUserIsAbleLoginSuccessfullywithValidUsernameandValidPassword -->
        <test-method is-config="true" signature="browserQuit()[pri:0, instance:testscript.LoginTest@619713e5]" started-at="2025-02-05T07:40:03 IST" name="browserQuit" finished-at="2025-02-05T07:40:03 IST" duration-ms="90" status="PASS">
          <reporter-output>
          </reporter-output>
        </test-method> <!-- browserQuit -->
        <test-method is-config="true" signature="initialiseBrowser()[pri:0, instance:testscript.LoginTest@619713e5]" started-at="2025-02-05T07:40:03 IST" name="initialiseBrowser" finished-at="2025-02-05T07:40:05 IST" duration-ms="1928" status="PASS">
          <reporter-output>
          </reporter-output>
        </test-method> <!-- initialiseBrowser -->
        <test-method signature="verifyWhetherUserisNotAbleToLoginSuccessfullywithValidUsernameAndInvalidPassword()[pri:0, instance:testscript.LoginTest@619713e5]" started-at="2025-02-05T07:40:05 IST" name="verifyWhetherUserisNotAbleToLoginSuccessfullywithValidUsernameAndInvalidPassword" description=" Verify Whether User  is not able to Login successfully  with Valid Username and Invalid  Password" finished-at="2025-02-05T07:40:06 IST" duration-ms="585" status="PASS">
          <reporter-output>
          </reporter-output>
        </test-method> <!-- verifyWhetherUserisNotAbleToLoginSuccessfullywithValidUsernameAndInvalidPassword -->
        <test-method is-config="true" signature="browserQuit()[pri:0, instance:testscript.LoginTest@619713e5]" started-at="2025-02-05T07:40:06 IST" name="browserQuit" finished-at="2025-02-05T07:40:06 IST" duration-ms="95" status="PASS">
          <reporter-output>
          </reporter-output>
        </test-method> <!-- browserQuit -->
      </class> <!-- testscript.LoginTest -->
    </test> <!-- Test -->
  </suite> <!-- Suite -->
</testng-results>
